<?xml version="1.0" encoding="UTF-8"?>
<!-- Generated by org.testng.reporters.JUnitXMLReporter -->
<testsuite hostname="SUBNANDI-LWK6P" ignored="0" name="Default test" tests="13" failures="1" timestamp="06 Jul 2020 12:53:16 GMT" time="19.023" errors="0">
  <testcase name="initialize_the_chrome_browser" time="6.185" classname="testCases.WeatherTestCases"/>
  <testcase name="user_navigates_to_the_NDTV_home_page" time="5.724" classname="testCases.WeatherTestCases"/>
  <testcase name="user_should_be_able_to_validate_whether_the_NDTV_logo_is_displaying_or_not" time="0.084" classname="testCases.WeatherTestCases"/>
  <testcase name="user_should_be_able_to_click_on_the_weather_link" time="2.374" classname="testCases.WeatherTestCases"/>
  <testcase name="user_enters_the_and_checks_if_it_is_displayed_and_selected" time="0.952" classname="testCases.WeatherTestCases"/>
  <testcase name="user_verifies_that_the_city_is_available_on_the_map_and_clicks_on_it_to_display_the_weather_details" time="0.413" classname="testCases.WeatherTestCases"/>
  <testcase name="user_saves_the_temperature_in_degrees" time="0.033" classname="testCases.WeatherTestCases"/>
  <testcase name="user_closes_the_browser" time="1.016" classname="testCases.WeatherTestCases"/>
  <testcase name="user_passes_cityname_and_appid_to_the_request_uri" time="0.599" classname="testCases.WeatherTestCases"/>
  <testcase name="user_calls_something_with_something_http_request" time="0.817" classname="testCases.WeatherTestCases"/>
  <testcase name="the_api_call_should_be_successfull_and_the_status_code_should_be_200" time="0.001" classname="testCases.WeatherTestCases"/>
  <testcase name="user_saves_the_temperature_in_degrees_celsius" time="0.773" classname="testCases.WeatherTestCases">
    <failure type="java.lang.NumberFormatException" message="For input string: &amp;quot;304.25&amp;quot;">
      <![CDATA[java.lang.NumberFormatException: For input string: "304.25"
at java.lang.NumberFormatException.forInputString(Unknown Source)
at java.lang.Integer.parseInt(Unknown Source)
at java.lang.Integer.valueOf(Unknown Source)
at testCases.WeatherTestCases.user_saves_the_temperature_in_degrees_celsius(WeatherTestCases.java:133)
at sun.reflect.NativeMethodAccessorImpl.invoke0(Native Method)
at sun.reflect.NativeMethodAccessorImpl.invoke(Unknown Source)
at sun.reflect.DelegatingMethodAccessorImpl.invoke(Unknown Source)
at java.lang.reflect.Method.invoke(Unknown Source)
at org.testng.internal.MethodInvocationHelper.invokeMethod(MethodInvocationHelper.java:124)
at org.testng.internal.Invoker.invokeMethod(Invoker.java:583)
at org.testng.internal.Invoker.invokeTestMethod(Invoker.java:719)
at org.testng.internal.Invoker.invokeTestMethods(Invoker.java:989)
at org.testng.internal.TestMethodWorker.invokeTestMethods(TestMethodWorker.java:125)
at org.testng.internal.TestMethodWorker.run(TestMethodWorker.java:109)
at org.testng.TestRunner.privateRun(TestRunner.java:648)
at org.testng.TestRunner.run(TestRunner.java:505)
at org.testng.SuiteRunner.runTest(SuiteRunner.java:455)
at org.testng.SuiteRunner.runSequentially(SuiteRunner.java:450)
at org.testng.SuiteRunner.privateRun(SuiteRunner.java:415)
at org.testng.SuiteRunner.run(SuiteRunner.java:364)
at org.testng.SuiteRunnerWorker.runSuite(SuiteRunnerWorker.java:52)
at org.testng.SuiteRunnerWorker.run(SuiteRunnerWorker.java:84)
at org.testng.TestNG.runSuitesSequentially(TestNG.java:1208)
at org.testng.TestNG.runSuitesLocally(TestNG.java:1137)
at org.testng.TestNG.runSuites(TestNG.java:1049)
at org.testng.TestNG.run(TestNG.java:1017)
at org.testng.remote.AbstractRemoteTestNG.run(AbstractRemoteTestNG.java:115)
at org.testng.remote.RemoteTestNG.initAndRun(RemoteTestNG.java:251)
at org.testng.remote.RemoteTestNG.main(RemoteTestNG.java:77)
]]>
    </failure>
  </testcase> <!-- user_saves_the_temperature_in_degrees_celsius -->
  <testcase name="CompareTemp" time="0.001" classname="testCases.WeatherTestCases"/>
</testsuite> <!-- Default test -->
