<?xml version="1.0" encoding="UTF-8"?>
<!-- Generated by org.testng.reporters.JUnitXMLReporter -->
<testsuite hostname="DESKTOP-G46QBGA" ignored="0" name="Default test" tests="13" failures="0" timestamp="05 Jul 2020 17:52:32 GMT" time="15.387" errors="0">
  <testcase name="initialize_the_chrome_browser" time="5.811" classname="testCases.WeatherTestCases"/>
  <testcase name="user_navigates_to_the_NDTV_home_page" time="3.345" classname="testCases.WeatherTestCases"/>
  <testcase name="user_should_be_able_to_validate_whether_the_NDTV_logo_is_displaying_or_not" time="0.069" classname="testCases.WeatherTestCases"/>
  <testcase name="user_should_be_able_to_click_on_the_weather_link" time="2.076" classname="testCases.WeatherTestCases"/>
  <testcase name="user_enters_the_and_checks_if_it_is_displayed_and_selected" time="1.403" classname="testCases.WeatherTestCases"/>
  <testcase name="user_verifies_that_the_city_is_available_on_the_map_and_clicks_on_it_to_display_the_weather_details" time="0.191" classname="testCases.WeatherTestCases"/>
  <testcase name="user_saves_the_temperature_in_degrees" time="0.022" classname="testCases.WeatherTestCases"/>
  <testcase name="user_closes_the_browser" time="0.712" classname="testCases.WeatherTestCases"/>
  <testcase name="user_passes_cityname_and_appid_to_the_request_uri" time="0.474" classname="testCases.WeatherTestCases"/>
  <testcase name="user_calls_something_with_something_http_request" time="0.689" classname="testCases.WeatherTestCases"/>
  <testcase name="the_api_call_should_be_successfull_and_the_status_code_should_be_200" time="0.001" classname="testCases.WeatherTestCases"/>
  <testcase name="user_saves_the_temperature_in_degrees_celsius" time="0.555" classname="testCases.WeatherTestCases"/>
  <testcase name="CompareTemp" time="0.0" classname="testCases.WeatherTestCases"/>
</testsuite> <!-- Default test -->
